{"C:\\Users\\rodri\\OneDrive\\Escritorio\\react\\07-heroes-spa\\src\\auth\\index.js": {"path":"C:\\Users\\rodri\\OneDrive\\Escritorio\\react\\07-heroes-spa\\src\\auth\\index.js","statementMap":{},"fnMap":{},"branchMap":{},"s":{},"f":{},"b":{},"_coverageSchema":"1a1c01bbd47fc00a2c39e90264f33305004495a9","hash":"cdf152369c3cba8b2522860a5faaac7270ad51e1"}
,"C:\\Users\\rodri\\OneDrive\\Escritorio\\react\\07-heroes-spa\\src\\auth\\context\\AuthContext.jsx": {"path":"C:\\Users\\rodri\\OneDrive\\Escritorio\\react\\07-heroes-spa\\src\\auth\\context\\AuthContext.jsx","statementMap":{"0":{"start":{"line":3,"column":27},"end":{"line":3,"column":42}}},"fnMap":{},"branchMap":{},"s":{"0":4},"f":{},"b":{},"_coverageSchema":"1a1c01bbd47fc00a2c39e90264f33305004495a9","hash":"b363202f8d191acc458e198d746f5a912a33da53"}
,"C:\\Users\\rodri\\OneDrive\\Escritorio\\react\\07-heroes-spa\\src\\auth\\context\\AuthProvider.jsx": {"path":"C:\\Users\\rodri\\OneDrive\\Escritorio\\react\\07-heroes-spa\\src\\auth\\context\\AuthProvider.jsx","statementMap":{"0":{"start":{"line":11,"column":13},"end":{"line":18,"column":1}},"1":{"start":{"line":12,"column":19},"end":{"line":12,"column":47}},"2":{"start":{"line":14,"column":4},"end":{"line":17,"column":5}},"3":{"start":{"line":20,"column":28},"end":{"line":53,"column":1}},"4":{"start":{"line":22,"column":36},"end":{"line":22,"column":71}},"5":{"start":{"line":24,"column":18},"end":{"line":34,"column":5}},"6":{"start":{"line":26,"column":21},"end":{"line":26,"column":40}},"7":{"start":{"line":28,"column":23},"end":{"line":28,"column":59}},"8":{"start":{"line":30,"column":8},"end":{"line":30,"column":61}},"9":{"start":{"line":32,"column":8},"end":{"line":32,"column":25}},"10":{"start":{"line":36,"column":19},"end":{"line":40,"column":5}},"11":{"start":{"line":37,"column":8},"end":{"line":37,"column":40}},"12":{"start":{"line":38,"column":23},"end":{"line":38,"column":45}},"13":{"start":{"line":39,"column":8},"end":{"line":39,"column":25}},"14":{"start":{"line":42,"column":4},"end":{"line":52,"column":6}}},"fnMap":{"0":{"name":"(anonymous_0)","decl":{"start":{"line":11,"column":13},"end":{"line":11,"column":14}},"loc":{"start":{"line":11,"column":19},"end":{"line":18,"column":1}},"line":11},"1":{"name":"(anonymous_1)","decl":{"start":{"line":20,"column":28},"end":{"line":20,"column":29}},"loc":{"start":{"line":20,"column":46},"end":{"line":53,"column":1}},"line":20},"2":{"name":"(anonymous_2)","decl":{"start":{"line":24,"column":18},"end":{"line":24,"column":19}},"loc":{"start":{"line":24,"column":35},"end":{"line":34,"column":5}},"line":24},"3":{"name":"(anonymous_3)","decl":{"start":{"line":36,"column":19},"end":{"line":36,"column":20}},"loc":{"start":{"line":36,"column":25},"end":{"line":40,"column":5}},"line":36}},"branchMap":{"0":{"loc":{"start":{"line":24,"column":20},"end":{"line":24,"column":29}},"type":"default-arg","locations":[{"start":{"line":24,"column":27},"end":{"line":24,"column":29}}],"line":24}},"s":{"0":3,"1":0,"2":0,"3":3,"4":0,"5":0,"6":0,"7":0,"8":0,"9":0,"10":0,"11":0,"12":0,"13":0,"14":0},"f":{"0":0,"1":0,"2":0,"3":0},"b":{"0":[0]},"_coverageSchema":"1a1c01bbd47fc00a2c39e90264f33305004495a9","hash":"7c0147a17b2b165a94bb50770e6c74d93b65ca06"}
,"C:\\Users\\rodri\\OneDrive\\Escritorio\\react\\07-heroes-spa\\src\\auth\\context\\authReducer.js": {"path":"C:\\Users\\rodri\\OneDrive\\Escritorio\\react\\07-heroes-spa\\src\\auth\\context\\authReducer.js","statementMap":{"0":{"start":{"line":3,"column":27},"end":{"line":23,"column":1}},"1":{"start":{"line":5,"column":4},"end":{"line":20,"column":5}},"2":{"start":{"line":7,"column":12},"end":{"line":11,"column":14}},"3":{"start":{"line":14,"column":12},"end":{"line":16,"column":14}},"4":{"start":{"line":19,"column":12},"end":{"line":19,"column":25}}},"fnMap":{"0":{"name":"(anonymous_0)","decl":{"start":{"line":3,"column":27},"end":{"line":3,"column":28}},"loc":{"start":{"line":3,"column":52},"end":{"line":23,"column":1}},"line":3}},"branchMap":{"0":{"loc":{"start":{"line":3,"column":29},"end":{"line":3,"column":39}},"type":"default-arg","locations":[{"start":{"line":3,"column":37},"end":{"line":3,"column":39}}],"line":3},"1":{"loc":{"start":{"line":5,"column":4},"end":{"line":20,"column":5}},"type":"switch","locations":[{"start":{"line":6,"column":8},"end":{"line":11,"column":14}},{"start":{"line":13,"column":8},"end":{"line":16,"column":14}},{"start":{"line":18,"column":12},"end":{"line":19,"column":25}}],"line":5}},"s":{"0":4,"1":3,"2":1,"3":1,"4":1},"f":{"0":3},"b":{"0":[0],"1":[1,1,1]},"_coverageSchema":"1a1c01bbd47fc00a2c39e90264f33305004495a9","hash":"14919ddf36f0a57dac8e40b0124cedb2d1ae4666"}
,"C:\\Users\\rodri\\OneDrive\\Escritorio\\react\\07-heroes-spa\\src\\auth\\context\\index.js": {"path":"C:\\Users\\rodri\\OneDrive\\Escritorio\\react\\07-heroes-spa\\src\\auth\\context\\index.js","statementMap":{},"fnMap":{},"branchMap":{},"s":{},"f":{},"b":{},"_coverageSchema":"1a1c01bbd47fc00a2c39e90264f33305004495a9","hash":"8383a3a5c2cacf725646384fe7b446fbb3deeab8"}
,"C:\\Users\\rodri\\OneDrive\\Escritorio\\react\\07-heroes-spa\\src\\auth\\pages\\LoginPage.jsx": {"path":"C:\\Users\\rodri\\OneDrive\\Escritorio\\react\\07-heroes-spa\\src\\auth\\pages\\LoginPage.jsx","statementMap":{"0":{"start":{"line":5,"column":25},"end":{"line":32,"column":1}},"1":{"start":{"line":7,"column":20},"end":{"line":7,"column":44}},"2":{"start":{"line":8,"column":19},"end":{"line":8,"column":32}},"3":{"start":{"line":9,"column":18},"end":{"line":18,"column":1}},"4":{"start":{"line":11,"column":21},"end":{"line":11,"column":60}},"5":{"start":{"line":13,"column":4},"end":{"line":13,"column":37}},"6":{"start":{"line":15,"column":4},"end":{"line":17,"column":6}},"7":{"start":{"line":20,"column":2},"end":{"line":31,"column":3}}},"fnMap":{"0":{"name":"(anonymous_0)","decl":{"start":{"line":5,"column":25},"end":{"line":5,"column":26}},"loc":{"start":{"line":5,"column":31},"end":{"line":32,"column":1}},"line":5},"1":{"name":"(anonymous_1)","decl":{"start":{"line":9,"column":18},"end":{"line":9,"column":19}},"loc":{"start":{"line":9,"column":24},"end":{"line":18,"column":1}},"line":9}},"branchMap":{"0":{"loc":{"start":{"line":11,"column":21},"end":{"line":11,"column":60}},"type":"binary-expr","locations":[{"start":{"line":11,"column":21},"end":{"line":11,"column":53}},{"start":{"line":11,"column":57},"end":{"line":11,"column":60}}],"line":11}},"s":{"0":3,"1":1,"2":1,"3":1,"4":0,"5":0,"6":0,"7":1},"f":{"0":1,"1":0},"b":{"0":[0,0]},"_coverageSchema":"1a1c01bbd47fc00a2c39e90264f33305004495a9","hash":"c64b2c7eba859f1e9617042afb691ea4bbc16b94"}
,"C:\\Users\\rodri\\OneDrive\\Escritorio\\react\\07-heroes-spa\\src\\auth\\pages\\index.js": {"path":"C:\\Users\\rodri\\OneDrive\\Escritorio\\react\\07-heroes-spa\\src\\auth\\pages\\index.js","statementMap":{},"fnMap":{},"branchMap":{},"s":{},"f":{},"b":{},"_coverageSchema":"1a1c01bbd47fc00a2c39e90264f33305004495a9","hash":"49ab10bf34be5a3999791d6c6bb43d850c12a04e"}
,"C:\\Users\\rodri\\OneDrive\\Escritorio\\react\\07-heroes-spa\\src\\auth\\types\\types.js": {"path":"C:\\Users\\rodri\\OneDrive\\Escritorio\\react\\07-heroes-spa\\src\\auth\\types\\types.js","statementMap":{"0":{"start":{"line":1,"column":21},"end":{"line":4,"column":1}}},"fnMap":{},"branchMap":{},"s":{"0":5},"f":{},"b":{},"_coverageSchema":"1a1c01bbd47fc00a2c39e90264f33305004495a9","hash":"3c17974c4f69f65a0d04b62d16a3d0cba8a64a24"}
,"C:\\Users\\rodri\\OneDrive\\Escritorio\\react\\07-heroes-spa\\src\\heroes\\index.js": {"path":"C:\\Users\\rodri\\OneDrive\\Escritorio\\react\\07-heroes-spa\\src\\heroes\\index.js","statementMap":{},"fnMap":{},"branchMap":{},"s":{},"f":{},"b":{},"_coverageSchema":"1a1c01bbd47fc00a2c39e90264f33305004495a9","hash":"c4ec02ec5a3c51c0edf4e3cd00a1b18f9499b7bd"}
,"C:\\Users\\rodri\\OneDrive\\Escritorio\\react\\07-heroes-spa\\src\\heroes\\components\\HeroCard.jsx": {"path":"C:\\Users\\rodri\\OneDrive\\Escritorio\\react\\07-heroes-spa\\src\\heroes\\components\\HeroCard.jsx","statementMap":{"0":{"start":{"line":3,"column":25},"end":{"line":9,"column":1}},"1":{"start":{"line":6,"column":4},"end":{"line":8,"column":27}},"2":{"start":{"line":11,"column":24},"end":{"line":57,"column":1}},"3":{"start":{"line":22,"column":29},"end":{"line":22,"column":57}},"4":{"start":{"line":24,"column":8},"end":{"line":56,"column":5}}},"fnMap":{"0":{"name":"(anonymous_0)","decl":{"start":{"line":3,"column":25},"end":{"line":3,"column":26}},"loc":{"start":{"line":3,"column":55},"end":{"line":9,"column":1}},"line":3},"1":{"name":"(anonymous_1)","decl":{"start":{"line":11,"column":24},"end":{"line":11,"column":25}},"loc":{"start":{"line":20,"column":10},"end":{"line":57,"column":1}},"line":20}},"branchMap":{"0":{"loc":{"start":{"line":6,"column":11},"end":{"line":8,"column":27}},"type":"cond-expr","locations":[{"start":{"line":7,"column":6},"end":{"line":7,"column":11}},{"start":{"line":8,"column":6},"end":{"line":8,"column":27}}],"line":6}},"s":{"0":1,"1":10,"2":1,"3":10,"4":10},"f":{"0":10,"1":10},"b":{"0":[10,0]},"_coverageSchema":"1a1c01bbd47fc00a2c39e90264f33305004495a9","hash":"2904e2a898aa85ed4237c5361c3135935ebd9d7b"}
,"C:\\Users\\rodri\\OneDrive\\Escritorio\\react\\07-heroes-spa\\src\\heroes\\components\\HeroList.jsx": {"path":"C:\\Users\\rodri\\OneDrive\\Escritorio\\react\\07-heroes-spa\\src\\heroes\\components\\HeroList.jsx","statementMap":{"0":{"start":{"line":5,"column":24},"end":{"line":23,"column":1}},"1":{"start":{"line":7,"column":19},"end":{"line":7,"column":84}},"2":{"start":{"line":7,"column":35},"end":{"line":7,"column":68}},"3":{"start":{"line":9,"column":2},"end":{"line":22,"column":3}},"4":{"start":{"line":14,"column":20},"end":{"line":17,"column":22}}},"fnMap":{"0":{"name":"(anonymous_0)","decl":{"start":{"line":5,"column":24},"end":{"line":5,"column":25}},"loc":{"start":{"line":5,"column":43},"end":{"line":23,"column":1}},"line":5},"1":{"name":"(anonymous_1)","decl":{"start":{"line":7,"column":28},"end":{"line":7,"column":29}},"loc":{"start":{"line":7,"column":35},"end":{"line":7,"column":68}},"line":7},"2":{"name":"(anonymous_2)","decl":{"start":{"line":13,"column":28},"end":{"line":13,"column":29}},"loc":{"start":{"line":14,"column":20},"end":{"line":17,"column":22}},"line":14}},"branchMap":{},"s":{"0":1,"1":1,"2":1,"3":1,"4":10},"f":{"0":1,"1":1,"2":10},"b":{},"_coverageSchema":"1a1c01bbd47fc00a2c39e90264f33305004495a9","hash":"ec2f379569b678cdb3ef7b5e3ef7915e571bb3e5"}
,"C:\\Users\\rodri\\OneDrive\\Escritorio\\react\\07-heroes-spa\\src\\heroes\\components\\index.js": {"path":"C:\\Users\\rodri\\OneDrive\\Escritorio\\react\\07-heroes-spa\\src\\heroes\\components\\index.js","statementMap":{},"fnMap":{},"branchMap":{},"s":{},"f":{},"b":{},"_coverageSchema":"1a1c01bbd47fc00a2c39e90264f33305004495a9","hash":"3f2461b1b5f6767ec89ebc217932f4874ca059dd"}
,"C:\\Users\\rodri\\OneDrive\\Escritorio\\react\\07-heroes-spa\\src\\heroes\\data\\heroes.js": {"path":"C:\\Users\\rodri\\OneDrive\\Escritorio\\react\\07-heroes-spa\\src\\heroes\\data\\heroes.js","statementMap":{"0":{"start":{"line":1,"column":22},"end":{"line":162,"column":1}}},"fnMap":{},"branchMap":{},"s":{"0":1},"f":{},"b":{},"_coverageSchema":"1a1c01bbd47fc00a2c39e90264f33305004495a9","hash":"e893621ec71fef944b6c4e1dcf58dee06aa57ab8"}
,"C:\\Users\\rodri\\OneDrive\\Escritorio\\react\\07-heroes-spa\\src\\heroes\\helpers\\getHeroById.js": {"path":"C:\\Users\\rodri\\OneDrive\\Escritorio\\react\\07-heroes-spa\\src\\heroes\\helpers\\getHeroById.js","statementMap":{"0":{"start":{"line":3,"column":27},"end":{"line":7,"column":1}},"1":{"start":{"line":5,"column":4},"end":{"line":5,"column":49}},"2":{"start":{"line":5,"column":32},"end":{"line":5,"column":46}}},"fnMap":{"0":{"name":"(anonymous_0)","decl":{"start":{"line":3,"column":27},"end":{"line":3,"column":28}},"loc":{"start":{"line":3,"column":37},"end":{"line":7,"column":1}},"line":3},"1":{"name":"(anonymous_1)","decl":{"start":{"line":5,"column":24},"end":{"line":5,"column":25}},"loc":{"start":{"line":5,"column":32},"end":{"line":5,"column":46}},"line":5}},"branchMap":{},"s":{"0":1,"1":0,"2":0},"f":{"0":0,"1":0},"b":{},"_coverageSchema":"1a1c01bbd47fc00a2c39e90264f33305004495a9","hash":"7b0ed14f1173248ab02b67eadff6399d494dee8f"}
,"C:\\Users\\rodri\\OneDrive\\Escritorio\\react\\07-heroes-spa\\src\\heroes\\helpers\\getHeroesByName.js": {"path":"C:\\Users\\rodri\\OneDrive\\Escritorio\\react\\07-heroes-spa\\src\\heroes\\helpers\\getHeroesByName.js","statementMap":{"0":{"start":{"line":3,"column":31},"end":{"line":15,"column":1}},"1":{"start":{"line":5,"column":4},"end":{"line":5,"column":43}},"2":{"start":{"line":7,"column":4},"end":{"line":7,"column":39}},"3":{"start":{"line":7,"column":29},"end":{"line":7,"column":39}},"4":{"start":{"line":10,"column":4},"end":{"line":12,"column":6}},"5":{"start":{"line":11,"column":16},"end":{"line":11,"column":67}}},"fnMap":{"0":{"name":"(anonymous_0)","decl":{"start":{"line":3,"column":31},"end":{"line":3,"column":32}},"loc":{"start":{"line":3,"column":48},"end":{"line":15,"column":1}},"line":3},"1":{"name":"(anonymous_1)","decl":{"start":{"line":11,"column":8},"end":{"line":11,"column":9}},"loc":{"start":{"line":11,"column":16},"end":{"line":11,"column":67}},"line":11}},"branchMap":{"0":{"loc":{"start":{"line":3,"column":33},"end":{"line":3,"column":42}},"type":"default-arg","locations":[{"start":{"line":3,"column":40},"end":{"line":3,"column":42}}],"line":3},"1":{"loc":{"start":{"line":7,"column":4},"end":{"line":7,"column":39}},"type":"if","locations":[{"start":{"line":7,"column":4},"end":{"line":7,"column":39}},{"start":{},"end":{}}],"line":7}},"s":{"0":1,"1":0,"2":0,"3":0,"4":0,"5":0},"f":{"0":0,"1":0},"b":{"0":[0],"1":[0,0]},"_coverageSchema":"1a1c01bbd47fc00a2c39e90264f33305004495a9","hash":"4b05524f43d2fe4410b0f0406a9da347a25437a7"}
,"C:\\Users\\rodri\\OneDrive\\Escritorio\\react\\07-heroes-spa\\src\\heroes\\helpers\\getHeroesByPublisher.js": {"path":"C:\\Users\\rodri\\OneDrive\\Escritorio\\react\\07-heroes-spa\\src\\heroes\\helpers\\getHeroesByPublisher.js","statementMap":{"0":{"start":{"line":3,"column":36},"end":{"line":12,"column":1}},"1":{"start":{"line":5,"column":27},"end":{"line":5,"column":57}},"2":{"start":{"line":6,"column":4},"end":{"line":8,"column":5}},"3":{"start":{"line":7,"column":8},"end":{"line":7,"column":69}},"4":{"start":{"line":10,"column":4},"end":{"line":10,"column":67}},"5":{"start":{"line":10,"column":35},"end":{"line":10,"column":64}}},"fnMap":{"0":{"name":"(anonymous_0)","decl":{"start":{"line":3,"column":36},"end":{"line":3,"column":37}},"loc":{"start":{"line":3,"column":54},"end":{"line":12,"column":1}},"line":3},"1":{"name":"(anonymous_1)","decl":{"start":{"line":10,"column":26},"end":{"line":10,"column":27}},"loc":{"start":{"line":10,"column":35},"end":{"line":10,"column":64}},"line":10}},"branchMap":{"0":{"loc":{"start":{"line":6,"column":4},"end":{"line":8,"column":5}},"type":"if","locations":[{"start":{"line":6,"column":4},"end":{"line":8,"column":5}},{"start":{},"end":{}}],"line":6}},"s":{"0":1,"1":1,"2":1,"3":0,"4":1,"5":20},"f":{"0":1,"1":20},"b":{"0":[0,1]},"_coverageSchema":"1a1c01bbd47fc00a2c39e90264f33305004495a9","hash":"107a02b0e6c0546cf39cc713f62f7703d098c913"}
,"C:\\Users\\rodri\\OneDrive\\Escritorio\\react\\07-heroes-spa\\src\\heroes\\helpers\\index.js": {"path":"C:\\Users\\rodri\\OneDrive\\Escritorio\\react\\07-heroes-spa\\src\\heroes\\helpers\\index.js","statementMap":{},"fnMap":{},"branchMap":{},"s":{},"f":{},"b":{},"_coverageSchema":"1a1c01bbd47fc00a2c39e90264f33305004495a9","hash":"f7d95fe389e20b44baad328c488c868faf8a2f84"}
,"C:\\Users\\rodri\\OneDrive\\Escritorio\\react\\07-heroes-spa\\src\\heroes\\hooks\\useForm.js": {"path":"C:\\Users\\rodri\\OneDrive\\Escritorio\\react\\07-heroes-spa\\src\\heroes\\hooks\\useForm.js","statementMap":{"0":{"start":{"line":3,"column":23},"end":{"line":25,"column":1}},"1":{"start":{"line":5,"column":40},"end":{"line":5,"column":63}},"2":{"start":{"line":7,"column":26},"end":{"line":13,"column":5}},"3":{"start":{"line":8,"column":32},"end":{"line":8,"column":38}},"4":{"start":{"line":9,"column":8},"end":{"line":12,"column":11}},"5":{"start":{"line":15,"column":24},"end":{"line":17,"column":5}},"6":{"start":{"line":16,"column":8},"end":{"line":16,"column":36}},"7":{"start":{"line":19,"column":4},"end":{"line":24,"column":5}}},"fnMap":{"0":{"name":"(anonymous_0)","decl":{"start":{"line":3,"column":23},"end":{"line":3,"column":24}},"loc":{"start":{"line":3,"column":47},"end":{"line":25,"column":1}},"line":3},"1":{"name":"(anonymous_1)","decl":{"start":{"line":7,"column":26},"end":{"line":7,"column":27}},"loc":{"start":{"line":7,"column":42},"end":{"line":13,"column":5}},"line":7},"2":{"name":"(anonymous_2)","decl":{"start":{"line":15,"column":24},"end":{"line":15,"column":25}},"loc":{"start":{"line":15,"column":30},"end":{"line":17,"column":5}},"line":15}},"branchMap":{"0":{"loc":{"start":{"line":3,"column":25},"end":{"line":3,"column":41}},"type":"default-arg","locations":[{"start":{"line":3,"column":39},"end":{"line":3,"column":41}}],"line":3}},"s":{"0":1,"1":0,"2":0,"3":0,"4":0,"5":0,"6":0,"7":0},"f":{"0":0,"1":0,"2":0},"b":{"0":[0]},"_coverageSchema":"1a1c01bbd47fc00a2c39e90264f33305004495a9","hash":"e8f8b0e806cc7de5b844194bcea0d97c2925cc1e"}
,"C:\\Users\\rodri\\OneDrive\\Escritorio\\react\\07-heroes-spa\\src\\heroes\\pages\\DcPage.jsx": {"path":"C:\\Users\\rodri\\OneDrive\\Escritorio\\react\\07-heroes-spa\\src\\heroes\\pages\\DcPage.jsx","statementMap":{"0":{"start":{"line":3,"column":22},"end":{"line":15,"column":1}},"1":{"start":{"line":4,"column":2},"end":{"line":14,"column":3}}},"fnMap":{"0":{"name":"(anonymous_0)","decl":{"start":{"line":3,"column":22},"end":{"line":3,"column":23}},"loc":{"start":{"line":3,"column":28},"end":{"line":15,"column":1}},"line":3}},"branchMap":{},"s":{"0":1,"1":0},"f":{"0":0},"b":{},"_coverageSchema":"1a1c01bbd47fc00a2c39e90264f33305004495a9","hash":"b4406d5367d66547d1e697e986ec1f9a9b9146b9"}
,"C:\\Users\\rodri\\OneDrive\\Escritorio\\react\\07-heroes-spa\\src\\heroes\\pages\\HeroPage.jsx": {"path":"C:\\Users\\rodri\\OneDrive\\Escritorio\\react\\07-heroes-spa\\src\\heroes\\pages\\HeroPage.jsx","statementMap":{"0":{"start":{"line":6,"column":24},"end":{"line":50,"column":1}},"1":{"start":{"line":8,"column":17},"end":{"line":8,"column":28}},"2":{"start":{"line":9,"column":19},"end":{"line":9,"column":32}},"3":{"start":{"line":11,"column":15},"end":{"line":11,"column":57}},"4":{"start":{"line":11,"column":31},"end":{"line":11,"column":48}},"5":{"start":{"line":13,"column":25},"end":{"line":15,"column":3}},"6":{"start":{"line":14,"column":4},"end":{"line":14,"column":17}},"7":{"start":{"line":17,"column":2},"end":{"line":19,"column":3}},"8":{"start":{"line":18,"column":4},"end":{"line":18,"column":36}},"9":{"start":{"line":21,"column":2},"end":{"line":49,"column":3}}},"fnMap":{"0":{"name":"(anonymous_0)","decl":{"start":{"line":6,"column":24},"end":{"line":6,"column":25}},"loc":{"start":{"line":6,"column":30},"end":{"line":50,"column":1}},"line":6},"1":{"name":"(anonymous_1)","decl":{"start":{"line":11,"column":24},"end":{"line":11,"column":25}},"loc":{"start":{"line":11,"column":31},"end":{"line":11,"column":48}},"line":11},"2":{"name":"(anonymous_2)","decl":{"start":{"line":13,"column":25},"end":{"line":13,"column":26}},"loc":{"start":{"line":13,"column":31},"end":{"line":15,"column":3}},"line":13}},"branchMap":{"0":{"loc":{"start":{"line":17,"column":2},"end":{"line":19,"column":3}},"type":"if","locations":[{"start":{"line":17,"column":2},"end":{"line":19,"column":3}},{"start":{},"end":{}}],"line":17}},"s":{"0":1,"1":0,"2":0,"3":0,"4":0,"5":0,"6":0,"7":0,"8":0,"9":0},"f":{"0":0,"1":0,"2":0},"b":{"0":[0,0]},"_coverageSchema":"1a1c01bbd47fc00a2c39e90264f33305004495a9","hash":"79a6f9ac12604fc3be62d114f3ff3e48ffa75285"}
,"C:\\Users\\rodri\\OneDrive\\Escritorio\\react\\07-heroes-spa\\src\\heroes\\pages\\MarvelPage.jsx": {"path":"C:\\Users\\rodri\\OneDrive\\Escritorio\\react\\07-heroes-spa\\src\\heroes\\pages\\MarvelPage.jsx","statementMap":{"0":{"start":{"line":3,"column":26},"end":{"line":15,"column":1}},"1":{"start":{"line":4,"column":2},"end":{"line":14,"column":3}}},"fnMap":{"0":{"name":"(anonymous_0)","decl":{"start":{"line":3,"column":26},"end":{"line":3,"column":27}},"loc":{"start":{"line":3,"column":32},"end":{"line":15,"column":1}},"line":3}},"branchMap":{},"s":{"0":1,"1":1},"f":{"0":1},"b":{},"_coverageSchema":"1a1c01bbd47fc00a2c39e90264f33305004495a9","hash":"fecfd4a1b37eae3d3191ee7f30950235fd8e6a1c"}
,"C:\\Users\\rodri\\OneDrive\\Escritorio\\react\\07-heroes-spa\\src\\heroes\\pages\\SearchPage.jsx": {"path":"C:\\Users\\rodri\\OneDrive\\Escritorio\\react\\07-heroes-spa\\src\\heroes\\pages\\SearchPage.jsx","statementMap":{"0":{"start":{"line":7,"column":26},"end":{"line":86,"column":1}},"1":{"start":{"line":9,"column":19},"end":{"line":9,"column":32}},"2":{"start":{"line":10,"column":19},"end":{"line":10,"column":32}},"3":{"start":{"line":13,"column":21},"end":{"line":13,"column":57}},"4":{"start":{"line":15,"column":17},"end":{"line":15,"column":35}},"5":{"start":{"line":17,"column":22},"end":{"line":17,"column":36}},"6":{"start":{"line":18,"column":20},"end":{"line":18,"column":58}},"7":{"start":{"line":20,"column":40},"end":{"line":22,"column":4}},"8":{"start":{"line":24,"column":25},"end":{"line":30,"column":3}},"9":{"start":{"line":25,"column":4},"end":{"line":25,"column":27}},"10":{"start":{"line":28,"column":4},"end":{"line":28,"column":35}},"11":{"start":{"line":34,"column":2},"end":{"line":85,"column":3}},"12":{"start":{"line":79,"column":14},"end":{"line":79,"column":52}}},"fnMap":{"0":{"name":"(anonymous_0)","decl":{"start":{"line":7,"column":26},"end":{"line":7,"column":27}},"loc":{"start":{"line":7,"column":32},"end":{"line":86,"column":1}},"line":7},"1":{"name":"(anonymous_1)","decl":{"start":{"line":24,"column":25},"end":{"line":24,"column":26}},"loc":{"start":{"line":24,"column":36},"end":{"line":30,"column":3}},"line":24},"2":{"name":"(anonymous_2)","decl":{"start":{"line":78,"column":24},"end":{"line":78,"column":25}},"loc":{"start":{"line":79,"column":14},"end":{"line":79,"column":52}},"line":79}},"branchMap":{"0":{"loc":{"start":{"line":13,"column":10},"end":{"line":13,"column":16}},"type":"default-arg","locations":[{"start":{"line":13,"column":14},"end":{"line":13,"column":16}}],"line":13},"1":{"loc":{"start":{"line":18,"column":20},"end":{"line":18,"column":58}},"type":"binary-expr","locations":[{"start":{"line":18,"column":21},"end":{"line":18,"column":33}},{"start":{"line":18,"column":39},"end":{"line":18,"column":58}}],"line":18},"2":{"loc":{"start":{"line":68,"column":65},"end":{"line":68,"column":89}},"type":"cond-expr","locations":[{"start":{"line":68,"column":78},"end":{"line":68,"column":80}},{"start":{"line":68,"column":83},"end":{"line":68,"column":89}}],"line":68},"3":{"loc":{"start":{"line":72,"column":64},"end":{"line":72,"column":87}},"type":"cond-expr","locations":[{"start":{"line":72,"column":76},"end":{"line":72,"column":78}},{"start":{"line":72,"column":81},"end":{"line":72,"column":87}}],"line":72}},"s":{"0":1,"1":0,"2":0,"3":0,"4":0,"5":0,"6":0,"7":0,"8":0,"9":0,"10":0,"11":0,"12":0},"f":{"0":0,"1":0,"2":0},"b":{"0":[0],"1":[0,0],"2":[0,0],"3":[0,0]},"_coverageSchema":"1a1c01bbd47fc00a2c39e90264f33305004495a9","hash":"03070d52ac4eb12e0a5fad01a34d94a332b9d639"}
,"C:\\Users\\rodri\\OneDrive\\Escritorio\\react\\07-heroes-spa\\src\\heroes\\pages\\index.js": {"path":"C:\\Users\\rodri\\OneDrive\\Escritorio\\react\\07-heroes-spa\\src\\heroes\\pages\\index.js","statementMap":{},"fnMap":{},"branchMap":{},"s":{},"f":{},"b":{},"_coverageSchema":"1a1c01bbd47fc00a2c39e90264f33305004495a9","hash":"e8853c8c748cc271a3d1547e2211e61afb0ef4d6"}
,"C:\\Users\\rodri\\OneDrive\\Escritorio\\react\\07-heroes-spa\\src\\heroes\\routes\\HeroesRoutes.jsx": {"path":"C:\\Users\\rodri\\OneDrive\\Escritorio\\react\\07-heroes-spa\\src\\heroes\\routes\\HeroesRoutes.jsx","statementMap":{"0":{"start":{"line":5,"column":28},"end":{"line":27,"column":1}},"1":{"start":{"line":6,"column":2},"end":{"line":26,"column":3}}},"fnMap":{"0":{"name":"(anonymous_0)","decl":{"start":{"line":5,"column":28},"end":{"line":5,"column":29}},"loc":{"start":{"line":5,"column":34},"end":{"line":27,"column":1}},"line":5}},"branchMap":{},"s":{"0":1,"1":1},"f":{"0":1},"b":{},"_coverageSchema":"1a1c01bbd47fc00a2c39e90264f33305004495a9","hash":"63b633632a10e7a87248011a46f22ba849f930c5"}
,"C:\\Users\\rodri\\OneDrive\\Escritorio\\react\\07-heroes-spa\\src\\router\\AppRouter.jsx": {"path":"C:\\Users\\rodri\\OneDrive\\Escritorio\\react\\07-heroes-spa\\src\\router\\AppRouter.jsx","statementMap":{"0":{"start":{"line":7,"column":25},"end":{"line":29,"column":1}},"1":{"start":{"line":8,"column":2},"end":{"line":28,"column":3}}},"fnMap":{"0":{"name":"(anonymous_0)","decl":{"start":{"line":7,"column":25},"end":{"line":7,"column":26}},"loc":{"start":{"line":7,"column":31},"end":{"line":29,"column":1}},"line":7}},"branchMap":{},"s":{"0":1,"1":2},"f":{"0":2},"b":{},"_coverageSchema":"1a1c01bbd47fc00a2c39e90264f33305004495a9","hash":"6b68106084994c421c6767841f8321e1d17db1bc"}
,"C:\\Users\\rodri\\OneDrive\\Escritorio\\react\\07-heroes-spa\\src\\router\\PrivateRoute.jsx": {"path":"C:\\Users\\rodri\\OneDrive\\Escritorio\\react\\07-heroes-spa\\src\\router\\PrivateRoute.jsx","statementMap":{"0":{"start":{"line":5,"column":28},"end":{"line":17,"column":1}},"1":{"start":{"line":8,"column":21},"end":{"line":8,"column":44}},"2":{"start":{"line":9,"column":31},"end":{"line":9,"column":44}},"3":{"start":{"line":11,"column":19},"end":{"line":11,"column":36}},"4":{"start":{"line":12,"column":2},"end":{"line":12,"column":45}},"5":{"start":{"line":14,"column":2},"end":{"line":16,"column":30}}},"fnMap":{"0":{"name":"(anonymous_0)","decl":{"start":{"line":5,"column":28},"end":{"line":5,"column":29}},"loc":{"start":{"line":5,"column":46},"end":{"line":17,"column":1}},"line":5}},"branchMap":{"0":{"loc":{"start":{"line":14,"column":9},"end":{"line":16,"column":30}},"type":"cond-expr","locations":[{"start":{"line":15,"column":6},"end":{"line":15,"column":14}},{"start":{"line":16,"column":6},"end":{"line":16,"column":30}}],"line":14}},"s":{"0":2,"1":3,"2":3,"3":3,"4":3,"5":3},"f":{"0":3},"b":{"0":[2,1]},"_coverageSchema":"1a1c01bbd47fc00a2c39e90264f33305004495a9","hash":"a2d785d03e9c14e61ac44541a81e3c21efd5c58e"}
,"C:\\Users\\rodri\\OneDrive\\Escritorio\\react\\07-heroes-spa\\src\\router\\PublicRoute.jsx": {"path":"C:\\Users\\rodri\\OneDrive\\Escritorio\\react\\07-heroes-spa\\src\\router\\PublicRoute.jsx","statementMap":{"0":{"start":{"line":5,"column":27},"end":{"line":12,"column":1}},"1":{"start":{"line":7,"column":21},"end":{"line":7,"column":44}},"2":{"start":{"line":9,"column":2},"end":{"line":11,"column":31}}},"fnMap":{"0":{"name":"(anonymous_0)","decl":{"start":{"line":5,"column":27},"end":{"line":5,"column":28}},"loc":{"start":{"line":5,"column":45},"end":{"line":12,"column":1}},"line":5}},"branchMap":{"0":{"loc":{"start":{"line":9,"column":9},"end":{"line":11,"column":31}},"type":"cond-expr","locations":[{"start":{"line":10,"column":6},"end":{"line":10,"column":14}},{"start":{"line":11,"column":6},"end":{"line":11,"column":31}}],"line":9}},"s":{"0":2,"1":4,"2":4},"f":{"0":4},"b":{"0":[2,2]},"_coverageSchema":"1a1c01bbd47fc00a2c39e90264f33305004495a9","hash":"5abe7f2de036a512a90dba9fe549c2d4a504618e"}
,"C:\\Users\\rodri\\OneDrive\\Escritorio\\react\\07-heroes-spa\\src\\ui\\index.js": {"path":"C:\\Users\\rodri\\OneDrive\\Escritorio\\react\\07-heroes-spa\\src\\ui\\index.js","statementMap":{},"fnMap":{},"branchMap":{},"s":{},"f":{},"b":{},"_coverageSchema":"1a1c01bbd47fc00a2c39e90264f33305004495a9","hash":"0cd4647e7e7ae7a5b84e5f2026685dfe03a31bf0"}
,"C:\\Users\\rodri\\OneDrive\\Escritorio\\react\\07-heroes-spa\\src\\ui\\components\\Navbar.jsx": {"path":"C:\\Users\\rodri\\OneDrive\\Escritorio\\react\\07-heroes-spa\\src\\ui\\components\\Navbar.jsx","statementMap":{"0":{"start":{"line":6,"column":22},"end":{"line":71,"column":1}},"1":{"start":{"line":8,"column":29},"end":{"line":8,"column":53}},"2":{"start":{"line":10,"column":21},"end":{"line":10,"column":34}},"3":{"start":{"line":12,"column":21},"end":{"line":17,"column":5}},"4":{"start":{"line":13,"column":8},"end":{"line":13,"column":17}},"5":{"start":{"line":14,"column":8},"end":{"line":16,"column":10}},"6":{"start":{"line":19,"column":4},"end":{"line":70,"column":5}},"7":{"start":{"line":33,"column":53},"end":{"line":33,"column":99}},"8":{"start":{"line":40,"column":53},"end":{"line":40,"column":99}},"9":{"start":{"line":47,"column":53},"end":{"line":47,"column":99}}},"fnMap":{"0":{"name":"(anonymous_0)","decl":{"start":{"line":6,"column":22},"end":{"line":6,"column":23}},"loc":{"start":{"line":6,"column":28},"end":{"line":71,"column":1}},"line":6},"1":{"name":"(anonymous_1)","decl":{"start":{"line":12,"column":21},"end":{"line":12,"column":22}},"loc":{"start":{"line":12,"column":27},"end":{"line":17,"column":5}},"line":12},"2":{"name":"(anonymous_2)","decl":{"start":{"line":33,"column":36},"end":{"line":33,"column":37}},"loc":{"start":{"line":33,"column":53},"end":{"line":33,"column":99}},"line":33},"3":{"name":"(anonymous_3)","decl":{"start":{"line":40,"column":36},"end":{"line":40,"column":37}},"loc":{"start":{"line":40,"column":53},"end":{"line":40,"column":99}},"line":40},"4":{"name":"(anonymous_4)","decl":{"start":{"line":47,"column":36},"end":{"line":47,"column":37}},"loc":{"start":{"line":47,"column":53},"end":{"line":47,"column":99}},"line":47}},"branchMap":{"0":{"loc":{"start":{"line":33,"column":75},"end":{"line":33,"column":97}},"type":"cond-expr","locations":[{"start":{"line":33,"column":86},"end":{"line":33,"column":94}},{"start":{"line":33,"column":95},"end":{"line":33,"column":97}}],"line":33},"1":{"loc":{"start":{"line":40,"column":75},"end":{"line":40,"column":97}},"type":"cond-expr","locations":[{"start":{"line":40,"column":86},"end":{"line":40,"column":94}},{"start":{"line":40,"column":95},"end":{"line":40,"column":97}}],"line":40},"2":{"loc":{"start":{"line":47,"column":75},"end":{"line":47,"column":97}},"type":"cond-expr","locations":[{"start":{"line":47,"column":86},"end":{"line":47,"column":94}},{"start":{"line":47,"column":95},"end":{"line":47,"column":97}}],"line":47}},"s":{"0":2,"1":3,"2":3,"3":3,"4":1,"5":1,"6":3,"7":3,"8":3,"9":3},"f":{"0":3,"1":1,"2":3,"3":3,"4":3},"b":{"0":[1,2],"1":[0,3],"2":[0,3]},"_coverageSchema":"1a1c01bbd47fc00a2c39e90264f33305004495a9","hash":"bbae1c92c3f2fff77fd185a5c55545de36663aa8"}
,"C:\\Users\\rodri\\OneDrive\\Escritorio\\react\\07-heroes-spa\\src\\ui\\components\\index.js": {"path":"C:\\Users\\rodri\\OneDrive\\Escritorio\\react\\07-heroes-spa\\src\\ui\\components\\index.js","statementMap":{},"fnMap":{},"branchMap":{},"s":{},"f":{},"b":{},"_coverageSchema":"1a1c01bbd47fc00a2c39e90264f33305004495a9","hash":"99ec918930496b4076590626c1ad639fc4acb2a5"}
}
